<?xml version="1.0" encoding="UTF-8"?>
<!-- Generated by org.testng.reporters.JUnitXMLReporter -->
<testsuite hostname="Vogo-1161s-MacBook-Pro.local" ignored="0" name="TestingTest" tests="4" failures="1" timestamp="30 May 2020 11:01:05 GMT" time="59.19" errors="0">
  <testcase name="testing3" time="48.425" classname="com.vodrive.examveda.DataRetrieve"/>
  <testcase name="testing2" time="57.011" classname="com.vodrive.examveda.DataRetrieve"/>
  <testcase name="testing4" time="59.163" classname="com.vodrive.examveda.DataRetrieve"/>
  <testcase name="testing1" time="0.012" classname="com.vodrive.examveda.DataRetrieve">
    <failure type="org.openqa.selenium.NoSuchSessionException" message="Session ID is null. Using WebDriver after calling quit()?
Build info: version: &amp;apos;3.141.59&amp;apos;, revision: &amp;apos;e82be7d358&amp;apos;, time: &amp;apos;2018-11-14T08:17:03&amp;apos;
System info: host: &amp;apos;Vogo-1161s-MacBook-Pro.local&amp;apos;, ip: &amp;apos;fe80:0:0:0:ea:b19e:a4f4:9e7e%en0&amp;apos;, os.name: &amp;apos;Mac OS X&amp;apos;, os.arch: &amp;apos;x86_64&amp;apos;, os.version: &amp;apos;10.15&amp;apos;, java.version: &amp;apos;1.8.0_201&amp;apos;
Driver info: driver.version: RemoteWebDriver">
      <![CDATA[org.openqa.selenium.NoSuchSessionException: Session ID is null. Using WebDriver after calling quit()?
Build info: version: '3.141.59', revision: 'e82be7d358', time: '2018-11-14T08:17:03'
System info: host: 'Vogo-1161s-MacBook-Pro.local', ip: 'fe80:0:0:0:ea:b19e:a4f4:9e7e%en0', os.name: 'Mac OS X', os.arch: 'x86_64', os.version: '10.15', java.version: '1.8.0_201'
Driver info: driver.version: RemoteWebDriver
at org.openqa.selenium.remote.HttpCommandExecutor.execute(HttpCommandExecutor.java:125)
at org.openqa.selenium.remote.RemoteWebDriver.execute(RemoteWebDriver.java:552)
at org.openqa.selenium.remote.RemoteWebDriver.get(RemoteWebDriver.java:277)
at com.vodrive.examveda.DataRetrieve.testing1(DataRetrieve.java:55)
at java.util.concurrent.ThreadPoolExecutor.runWorker(ThreadPoolExecutor.java:1149)
at java.util.concurrent.ThreadPoolExecutor$Worker.run(ThreadPoolExecutor.java:624)
at java.lang.Thread.run(Thread.java:748)
... Removed 10 stack frames]]>
    </failure>
  </testcase> <!-- testing1 -->
</testsuite> <!-- TestingTest -->
