<?xml version="1.0" encoding="UTF-8"?>
<testng-results skipped="0" failed="0" ignored="0" total="0" passed="0">
  <reporter-output>
  </reporter-output>
  <suite name="Gradle suite" duration-ms="3" started-at="2020-05-30T11:52:51Z" finished-at="2020-05-30T11:52:51Z">
    <groups>
    </groups>
    <test name="Gradle test" duration-ms="3" started-at="2020-05-30T11:52:51Z" finished-at="2020-05-30T11:52:51Z">
      <class name="com.vodrive.examveda.DataRetrieve">
        <test-method status="PASS" signature="testGooglePageTitleInIEBrowser()[pri:0, instance:com.vodrive.examveda.DataRetrieve@737516fc]" name="testGooglePageTitleInIEBrowser" is-config="true" duration-ms="1405" started-at="2020-05-30T11:52:50Z" finished-at="2020-05-30T11:52:51Z">
          <reporter-output>
          </reporter-output>
        </test-method> <!-- testGooglePageTitleInIEBrowser -->
      </class> <!-- com.vodrive.examveda.DataRetrieve -->
    </test> <!-- Gradle test -->
  </suite> <!-- Gradle suite -->
</testng-results>
